<?xml version="1.0" encoding="UTF-8"?>
<!-- Generated by org.testng.reporters.JUnitReportReporter -->
<testsuite hostname="LAPTOP-RI052D80" failures="0" tests="2" name="rahulshetty.RestApiTest" time="0.000" errors="0" timestamp="2021-02-10T16:43:24 IST" skipped="0">
  <testcase classname="rahulshetty.RestApiTest" name="hare" time="0.000"/>
  <system-out/>
  <testcase classname="rahulshetty.RestApiTest" name="champ" time="0.000"/>
  <system-out/>
</testsuite> <!-- rahulshetty.RestApiTest -->
